<?xml version="1.0" encoding="UTF-8"?>
<coverage generated="1399224923">
  <project timestamp="1399224923">
    <file name="/var/www/git.local/knot/src/Knot.php">
      <class name="Knot" namespace="global" fullPackage="Knot" category="PHP" package="Knot">
        <metrics methods="2" coveredmethods="2" conditionals="0" coveredconditionals="0" statements="2" coveredstatements="2" elements="4" coveredelements="4"/>
      </class>
      <line num="73" type="method" name="createByReference" crap="1" count="1"/>
      <line num="75" type="stmt" count="1"/>
      <line num="85" type="method" name="create" crap="1" count="11"/>
      <line num="87" type="stmt" count="11"/>
      <metrics loc="91" ncloc="35" classes="1" methods="2" coveredmethods="2" conditionals="0" coveredconditionals="0" statements="2" coveredstatements="2" elements="4" coveredelements="4"/>
    </file>
    <package name="Knot">
      <file name="/var/www/git.local/knot/src/Knot/ChildArray.php">
        <class name="ChildArray" namespace="Knot">
          <metrics methods="3" coveredmethods="3" conditionals="0" coveredconditionals="0" statements="5" coveredstatements="5" elements="8" coveredelements="8"/>
        </class>
        <line num="10" type="method" name="kill" crap="1" count="2"/>
        <line num="12" type="stmt" count="2"/>
        <line num="13" type="stmt" count="2"/>
        <line num="15" type="stmt" count="2"/>
        <line num="21" type="method" name="parent" crap="1" count="1"/>
        <line num="23" type="stmt" count="1"/>
        <line num="30" type="method" name="childParent" crap="1" count="3"/>
        <line num="32" type="stmt" count="3"/>
        <metrics loc="34" ncloc="24" classes="1" methods="3" coveredmethods="3" conditionals="0" coveredconditionals="0" statements="5" coveredstatements="5" elements="8" coveredelements="8"/>
      </file>
      <file name="/var/www/git.local/knot/src/Knot/HelperManager.php">
        <class name="HelperManager" namespace="Knot">
          <metrics methods="5" coveredmethods="5" conditionals="0" coveredconditionals="0" statements="24" coveredstatements="24" elements="29" coveredelements="29"/>
        </class>
        <line num="11" type="method" name="__construct" crap="1" count="1"/>
        <line num="13" type="stmt" count="1"/>
        <line num="14" type="stmt" count="1"/>
        <line num="16" type="method" name="loadHelpers" crap="3" count="1"/>
        <line num="18" type="stmt" count="1"/>
        <line num="20" type="stmt" count="1"/>
        <line num="21" type="stmt" count="1"/>
        <line num="22" type="stmt" count="1"/>
        <line num="23" type="stmt" count="1"/>
        <line num="24" type="stmt" count="1"/>
        <line num="25" type="stmt" count="1"/>
        <line num="26" type="stmt" count="1"/>
        <line num="28" type="method" name="execute" crap="3" count="22"/>
        <line num="30" type="stmt" count="22"/>
        <line num="32" type="stmt" count="22"/>
        <line num="33" type="stmt" count="22"/>
        <line num="34" type="stmt" count="1"/>
        <line num="38" type="stmt" count="21"/>
        <line num="40" type="stmt" count="5"/>
        <line num="42" type="stmt" count="5"/>
        <line num="46" type="method" name="targetHelper" crap="4" count="22"/>
        <line num="48" type="stmt" count="22"/>
        <line num="50" type="stmt" count="22"/>
        <line num="51" type="stmt" count="22"/>
        <line num="52" type="stmt" count="21"/>
        <line num="54" type="stmt" count="12"/>
        <line num="56" type="stmt" count="1"/>
        <line num="59" type="method" name="isHelper" crap="1" count="1"/>
        <line num="61" type="stmt" count="1"/>
        <metrics loc="62" ncloc="62" classes="1" methods="5" coveredmethods="5" conditionals="0" coveredconditionals="0" statements="24" coveredstatements="24" elements="29" coveredelements="29"/>
      </file>
      <file name="/var/www/git.local/knot/src/Knot/ParentArray.php">
        <class name="ParentArray" namespace="Knot">
          <metrics methods="23" coveredmethods="23" conditionals="0" coveredconditionals="0" statements="62" coveredstatements="62" elements="85" coveredelements="85"/>
        </class>
        <line num="34" type="method" name="__construct" crap="1" count="21"/>
        <line num="35" type="stmt" count="1"/>
        <line num="36" type="stmt" count="21"/>
        <line num="37" type="stmt" count="21"/>
        <line num="38" type="stmt" count="21"/>
        <line num="39" type="stmt" count="21"/>
        <line num="41" type="method" name="__set" crap="1" count="4"/>
        <line num="43" type="stmt" count="4"/>
        <line num="44" type="stmt" count="4"/>
        <line num="51" type="method" name="__get" crap="3" count="9"/>
        <line num="53" type="stmt" count="9"/>
        <line num="54" type="stmt" count="8"/>
        <line num="55" type="stmt" count="8"/>
        <line num="56" type="stmt" count="1"/>
        <line num="59" type="stmt" count="8"/>
        <line num="60" type="stmt" count="6"/>
        <line num="61" type="stmt" count="6"/>
        <line num="64" type="stmt" count="4"/>
        <line num="73" type="method" name="callDataFunction" crap="4" count="23"/>
        <line num="75" type="stmt" count="23"/>
        <line num="76" type="stmt" count="22"/>
        <line num="80" type="stmt" count="2"/>
        <line num="81" type="stmt" count="2"/>
        <line num="83" type="stmt" count="1"/>
        <line num="84" type="stmt" count="1"/>
        <line num="94" type="method" name="callHelperFunction" crap="2" count="22"/>
        <line num="97" type="stmt" count="22"/>
        <line num="99" type="stmt" count="6"/>
        <line num="100" type="stmt" count="6"/>
        <line num="111" type="method" name="__call" crap="4" count="23"/>
        <line num="116" type="stmt" count="23"/>
        <line num="118" type="stmt" count="23"/>
        <line num="119" type="stmt" count="1"/>
        <line num="120" type="stmt" count="1"/>
        <line num="125" type="stmt" count="22"/>
        <line num="127" type="stmt" count="6"/>
        <line num="128" type="stmt" count="6"/>
        <line num="137" type="method" name="__isset" crap="1" count="4"/>
        <line num="139" type="stmt" count="4"/>
        <line num="145" type="method" name="__unset" crap="1" count="2"/>
        <line num="147" type="stmt" count="2"/>
        <line num="148" type="stmt" count="2"/>
        <line num="155" type="method" name="__invoke" crap="1" count="1"/>
        <line num="157" type="stmt" count="1"/>
        <line num="164" type="method" name="childParent" crap="1" count="9"/>
        <line num="166" type="stmt" count="9"/>
        <line num="174" type="method" name="keyExists" crap="1" count="23"/>
        <line num="176" type="stmt" count="23"/>
        <line num="183" type="method" name="kill" crap="1" count="1"/>
        <line num="185" type="stmt" count="1"/>
        <line num="186" type="stmt" count="1"/>
        <line num="193" type="method" name="path" crap="3" count="7"/>
        <line num="196" type="stmt" count="7"/>
        <line num="197" type="stmt" count="6"/>
        <line num="198" type="stmt" count="7"/>
        <line num="205" type="method" name="pathParser" crap="1" count="11"/>
        <line num="207" type="stmt" count="11"/>
        <line num="214" type="method" name="pathCombiner" crap="1" count="1"/>
        <line num="216" type="stmt" count="1"/>
        <line num="222" type="method" name="lastKey" crap="1" count="2"/>
        <line num="224" type="stmt" count="2"/>
        <line num="225" type="stmt" count="2"/>
        <line num="231" type="method" name="toArray" crap="1" count="30"/>
        <line num="233" type="stmt" count="30"/>
        <line num="236" type="method" name="copy" crap="1" count="1"/>
        <line num="238" type="stmt" count="1"/>
        <line num="239" type="stmt" count="1"/>
        <line num="253" type="method" name="offsetExists" crap="1" count="2"/>
        <line num="255" type="stmt" count="2"/>
        <line num="262" type="method" name="offsetGet" crap="2" count="4"/>
        <line num="264" type="stmt" count="4"/>
        <line num="265" type="stmt" count="1"/>
        <line num="267" type="stmt" count="1"/>
        <line num="269" type="stmt" count="4"/>
        <line num="277" type="method" name="offsetSet" crap="2" count="2"/>
        <line num="279" type="stmt" count="2"/>
        <line num="280" type="stmt" count="1"/>
        <line num="281" type="stmt" count="1"/>
        <line num="282" type="stmt" count="1"/>
        <line num="284" type="stmt" count="2"/>
        <line num="290" type="method" name="offsetUnset" crap="1" count="1"/>
        <line num="292" type="stmt" count="1"/>
        <line num="293" type="stmt" count="1"/>
        <line num="303" type="method" name="count" crap="1" count="1"/>
        <line num="305" type="stmt" count="1"/>
        <metrics loc="307" ncloc="188" classes="1" methods="23" coveredmethods="23" conditionals="0" coveredconditionals="0" statements="62" coveredstatements="62" elements="85" coveredelements="85"/>
      </file>
    </package>
    <package name="Knot\Exceptions">
      <file name="/var/www/git.local/knot/src/Knot/Exceptions/WrongArrayPathException.php">
        <class name="WrongArrayPathException" namespace="Knot\Exceptions">
          <metrics methods="1" coveredmethods="1" conditionals="0" coveredconditionals="0" statements="1" coveredstatements="1" elements="2" coveredelements="2"/>
        </class>
        <line num="12" type="method" name="__toString" crap="1" count="1"/>
        <line num="14" type="stmt" count="1"/>
        <metrics loc="15" ncloc="9" classes="1" methods="1" coveredmethods="1" conditionals="0" coveredconditionals="0" statements="1" coveredstatements="1" elements="2" coveredelements="2"/>
      </file>
    </package>
    <package name="Knot\Helpers">
      <file name="/var/www/git.local/knot/src/Knot/Helpers/KnotAdditionHelper.php">
        <class name="KnotAdditionHelper" namespace="Knot\Helpers">
          <metrics methods="8" coveredmethods="3" conditionals="0" coveredconditionals="0" statements="10" coveredstatements="4" elements="18" coveredelements="7"/>
        </class>
        <line num="22" type="method" name="__construct" crap="1" count="1"/>
        <line num="24" type="stmt" count="1"/>
        <line num="25" type="stmt" count="1"/>
        <line num="27" type="method" name="run" crap="2" count="0"/>
        <line num="29" type="stmt" count="0"/>
        <line num="30" type="stmt" count="0"/>
        <line num="33" type="method" name="isFunction" crap="1" count="12"/>
        <line num="35" type="stmt" count="12"/>
        <line num="38" type="method" name="isReady" crap="1" count="12"/>
        <line num="40" type="stmt" count="12"/>
        <line num="43" type="method" name="add" crap="2" count="0"/>
        <line num="46" type="stmt" count="0"/>
        <line num="48" type="method" name="addTo" crap="2" count="0"/>
        <line num="51" type="stmt" count="0"/>
        <line num="53" type="method" name="first" crap="2" count="0"/>
        <line num="56" type="stmt" count="0"/>
        <line num="58" type="method" name="last" crap="2" count="0"/>
        <line num="61" type="stmt" count="0"/>
        <metrics loc="62" ncloc="59" classes="1" methods="8" coveredmethods="3" conditionals="0" coveredconditionals="0" statements="10" coveredstatements="4" elements="18" coveredelements="7"/>
      </file>
      <file name="/var/www/git.local/knot/src/Knot/Helpers/KnotPathHelper.php">
        <class name="KnotPathHelper" namespace="Knot\Helpers">
          <metrics methods="9" coveredmethods="9" conditionals="0" coveredconditionals="0" statements="54" coveredstatements="54" elements="63" coveredelements="63"/>
        </class>
        <line num="23" type="method" name="__construct" crap="1" count="1"/>
        <line num="25" type="stmt" count="1"/>
        <line num="26" type="stmt" count="1"/>
        <line num="28" type="method" name="run" crap="1" count="10"/>
        <line num="30" type="stmt" count="10"/>
        <line num="31" type="stmt" count="10"/>
        <line num="34" type="method" name="isFunction" crap="1" count="22"/>
        <line num="36" type="stmt" count="22"/>
        <line num="39" type="method" name="isReady" crap="1" count="22"/>
        <line num="41" type="stmt" count="22"/>
        <line num="48" type="method" name="isPath" crap="2" count="3"/>
        <line num="51" type="stmt" count="3"/>
        <line num="52" type="stmt" count="1"/>
        <line num="54" type="stmt" count="3"/>
        <line num="55" type="stmt" count="3"/>
        <line num="59" type="method" name="get" crap="6" count="8"/>
        <line num="61" type="stmt" count="8"/>
        <line num="63" type="stmt" count="8"/>
        <line num="65" type="stmt" count="8"/>
        <line num="67" type="stmt" count="8"/>
        <line num="69" type="stmt" count="8"/>
        <line num="71" type="stmt" count="5"/>
        <line num="72" type="stmt" count="1"/>
        <line num="73" type="stmt" count="1"/>
        <line num="76" type="stmt" count="4"/>
        <line num="79" type="stmt" count="8"/>
        <line num="80" type="stmt" count="8"/>
        <line num="82" type="stmt" count="6"/>
        <line num="83" type="stmt" count="3"/>
        <line num="86" type="stmt" count="5"/>
        <line num="96" type="method" name="getOnly" crap="4" count="1"/>
        <line num="98" type="stmt" count="1"/>
        <line num="100" type="stmt" count="1"/>
        <line num="103" type="stmt" count="1"/>
        <line num="105" type="stmt" count="1"/>
        <line num="106" type="stmt" count="1"/>
        <line num="107" type="stmt" count="1"/>
        <line num="110" type="stmt" count="1"/>
        <line num="119" type="method" name="set" crap="5" count="4"/>
        <line num="121" type="stmt" count="4"/>
        <line num="123" type="stmt" count="4"/>
        <line num="125" type="stmt" count="4"/>
        <line num="126" type="stmt" count="4"/>
        <line num="127" type="stmt" count="4"/>
        <line num="129" type="stmt" count="4"/>
        <line num="130" type="stmt" count="4"/>
        <line num="132" type="stmt" count="4"/>
        <line num="134" type="stmt" count="4"/>
        <line num="135" type="stmt" count="1"/>
        <line num="138" type="stmt" count="4"/>
        <line num="145" type="method" name="del" crap="5" count="3"/>
        <line num="147" type="stmt" count="3"/>
        <line num="149" type="stmt" count="3"/>
        <line num="151" type="stmt" count="3"/>
        <line num="153" type="stmt" count="3"/>
        <line num="155" type="stmt" count="1"/>
        <line num="156" type="stmt" count="1"/>
        <line num="159" type="stmt" count="1"/>
        <line num="160" type="stmt" count="3"/>
        <line num="162" type="stmt" count="3"/>
        <line num="163" type="stmt" count="3"/>
        <line num="164" type="stmt" count="3"/>
        <line num="166" type="stmt" count="3"/>
        <metrics loc="167" ncloc="140" classes="1" methods="9" coveredmethods="9" conditionals="0" coveredconditionals="0" statements="54" coveredstatements="54" elements="63" coveredelements="63"/>
      </file>
      <file name="/var/www/git.local/knot/src/Knot/Helpers/PHPArrayChangerHelper.php">
        <class name="PHPArrayChangerHelper" namespace="Knot\Helpers">
          <metrics methods="6" coveredmethods="6" conditionals="0" coveredconditionals="0" statements="12" coveredstatements="12" elements="18" coveredelements="18"/>
        </class>
        <line num="33" type="method" name="__construct" crap="1" count="1"/>
        <line num="35" type="stmt" count="1"/>
        <line num="36" type="stmt" count="1"/>
        <line num="38" type="method" name="run" crap="1" count="3"/>
        <line num="40" type="stmt" count="3"/>
        <line num="41" type="stmt" count="3"/>
        <line num="42" type="stmt" count="3"/>
        <line num="45" type="method" name="isFunction" crap="1" count="6"/>
        <line num="47" type="stmt" count="6"/>
        <line num="49" type="stmt" count="6"/>
        <line num="52" type="method" name="isReady" crap="1" count="6"/>
        <line num="54" type="stmt" count="6"/>
        <line num="62" type="method" name="convertMethodToPHPFunctionName" crap="1" count="6"/>
        <line num="64" type="stmt" count="6"/>
        <line num="65" type="stmt" count="6"/>
        <line num="66" type="method" name="anonymous function" crap="1" count="6"/>
        <line num="67" type="stmt" count="1"/>
        <line num="68" type="stmt" count="6"/>
        <line num="69" type="stmt" count="6"/>
        <metrics loc="70" ncloc="62" classes="1" methods="6" coveredmethods="6" conditionals="0" coveredconditionals="0" statements="13" coveredstatements="13" elements="19" coveredelements="19"/>
      </file>
      <file name="/var/www/git.local/knot/src/Knot/Helpers/PHPArrayEqualHelper.php">
        <class name="PHPArrayEqualHelper" namespace="Knot\Helpers">
          <metrics methods="6" coveredmethods="6" conditionals="0" coveredconditionals="0" statements="14" coveredstatements="14" elements="20" coveredelements="20"/>
        </class>
        <line num="43" type="method" name="__construct" crap="1" count="1"/>
        <line num="45" type="stmt" count="1"/>
        <line num="46" type="stmt" count="1"/>
        <line num="48" type="method" name="run" crap="1" count="6"/>
        <line num="50" type="stmt" count="6"/>
        <line num="51" type="stmt" count="6"/>
        <line num="53" type="stmt" count="6"/>
        <line num="54" type="stmt" count="6"/>
        <line num="56" type="stmt" count="5"/>
        <line num="59" type="method" name="isFunction" crap="1" count="12"/>
        <line num="61" type="stmt" count="12"/>
        <line num="63" type="stmt" count="12"/>
        <line num="66" type="method" name="isReady" crap="1" count="12"/>
        <line num="68" type="stmt" count="12"/>
        <line num="76" type="method" name="convertMethodToPHPFunctionName" crap="1" count="12"/>
        <line num="78" type="stmt" count="12"/>
        <line num="79" type="stmt" count="12"/>
        <line num="80" type="method" name="anonymous function" crap="1" count="12"/>
        <line num="81" type="stmt" count="3"/>
        <line num="82" type="stmt" count="12"/>
        <line num="83" type="stmt" count="12"/>
        <metrics loc="84" ncloc="76" classes="1" methods="6" coveredmethods="6" conditionals="0" coveredconditionals="0" statements="15" coveredstatements="15" elements="21" coveredelements="21"/>
      </file>
      <file name="/var/www/git.local/knot/src/Knot/Helpers/UnderscoreHelper.php">
        <class name="UnderscoreHelper" namespace="Knot\Helpers">
          <metrics methods="4" coveredmethods="4" conditionals="0" coveredconditionals="0" statements="12" coveredstatements="12" elements="16" coveredelements="16"/>
        </class>
        <line num="16" type="method" name="__construct" crap="2" count="1"/>
        <line num="18" type="stmt" count="1"/>
        <line num="19" type="stmt" count="1"/>
        <line num="20" type="stmt" count="1"/>
        <line num="21" type="stmt" count="1"/>
        <line num="22" type="stmt" count="1"/>
        <line num="24" type="method" name="isReady" crap="1" count="3"/>
        <line num="26" type="stmt" count="3"/>
        <line num="29" type="method" name="run" crap="1" count="2"/>
        <line num="31" type="stmt" count="2"/>
        <line num="33" type="stmt" count="2"/>
        <line num="36" type="method" name="isFunction" crap="2" count="3"/>
        <line num="38" type="stmt" count="3"/>
        <line num="39" type="stmt" count="3"/>
        <line num="40" type="stmt" count="2"/>
        <line num="43" type="stmt" count="1"/>
        <metrics loc="45" ncloc="39" classes="1" methods="4" coveredmethods="4" conditionals="0" coveredconditionals="0" statements="12" coveredstatements="12" elements="16" coveredelements="16"/>
      </file>
    </package>
    <file name="/var/www/git.local/knot/src/functions.php">
      <line num="22" type="stmt" count="9"/>
      <line num="34" type="stmt" count="2"/>
      <line num="46" type="stmt" count="1"/>
      <metrics loc="47" ncloc="16" classes="0" methods="0" coveredmethods="0" conditionals="0" coveredconditionals="0" statements="3" coveredstatements="3" elements="3" coveredelements="3"/>
    </file>
    <file name="/var/www/git.local/knot/vendor/underscore/underscore.php/underscore.php">
      <class name="__" namespace="global" fullPackage=".">
        <metrics methods="75" coveredmethods="3" conditionals="0" coveredconditionals="0" statements="505" coveredstatements="26" elements="580" coveredelements="29"/>
      </class>
      <line num="13" type="stmt" count="2"/>
      <line num="14" type="stmt" count="2"/>
      <line num="15" type="stmt" count="2"/>
      <line num="23" type="method" name="chain" crap="20" count="0"/>
      <line num="24" type="stmt" count="0"/>
      <line num="26" type="stmt" count="0"/>
      <line num="27" type="stmt" count="0"/>
      <line num="28" type="stmt" count="0"/>
      <line num="33" type="method" name="value" crap="6" count="0"/>
      <line num="34" type="stmt" count="0"/>
      <line num="39" type="method" name="each" crap="20" count="0"/>
      <line num="40" type="stmt" count="0"/>
      <line num="42" type="stmt" count="0"/>
      <line num="44" type="stmt" count="0"/>
      <line num="45" type="stmt" count="0"/>
      <line num="47" type="stmt" count="0"/>
      <line num="48" type="stmt" count="0"/>
      <line num="49" type="stmt" count="0"/>
      <line num="50" type="stmt" count="0"/>
      <line num="57" type="method" name="map" crap="20" count="0"/>
      <line num="58" type="stmt" count="0"/>
      <line num="60" type="stmt" count="0"/>
      <line num="62" type="stmt" count="0"/>
      <line num="63" type="stmt" count="0"/>
      <line num="65" type="stmt" count="0"/>
      <line num="66" type="stmt" count="0"/>
      <line num="67" type="stmt" count="0"/>
      <line num="68" type="stmt" count="0"/>
      <line num="69" type="stmt" count="0"/>
      <line num="77" type="method" name="reduce" crap="20" count="0"/>
      <line num="78" type="stmt" count="0"/>
      <line num="80" type="stmt" count="0"/>
      <line num="81" type="stmt" count="0"/>
      <line num="82" type="stmt" count="0"/>
      <line num="85" type="stmt" count="0"/>
      <line num="92" type="method" name="reduceRight" crap="20" count="0"/>
      <line num="93" type="stmt" count="0"/>
      <line num="95" type="stmt" count="0"/>
      <line num="96" type="stmt" count="0"/>
      <line num="97" type="stmt" count="0"/>
      <line num="100" type="stmt" count="0"/>
      <line num="102" type="stmt" count="0"/>
      <line num="103" type="stmt" count="0"/>
      <line num="108" type="method" name="pluck" crap="20" count="0"/>
      <line num="109" type="stmt" count="0"/>
      <line num="111" type="stmt" count="0"/>
      <line num="113" type="stmt" count="0"/>
      <line num="114" type="stmt" count="0"/>
      <line num="115" type="stmt" count="0"/>
      <line num="116" type="stmt" count="0"/>
      <line num="117" type="stmt" count="0"/>
      <line num="118" type="stmt" count="0"/>
      <line num="119" type="stmt" count="0"/>
      <line num="126" type="method" name="includ" crap="2" count="0"/>
      <line num="127" type="stmt" count="0"/>
      <line num="129" type="stmt" count="0"/>
      <line num="131" type="stmt" count="0"/>
      <line num="136" type="method" name="invoke" crap="12" count="0"/>
      <line num="137" type="stmt" count="0"/>
      <line num="138" type="stmt" count="0"/>
      <line num="139" type="stmt" count="0"/>
      <line num="140" type="stmt" count="0"/>
      <line num="144" type="stmt" count="0"/>
      <line num="145" type="stmt" count="0"/>
      <line num="146" type="stmt" count="0"/>
      <line num="148" type="stmt" count="0"/>
      <line num="155" type="method" name="any" crap="12" count="0"/>
      <line num="156" type="stmt" count="0"/>
      <line num="158" type="stmt" count="0"/>
      <line num="160" type="stmt" count="0"/>
      <line num="161" type="stmt" count="0"/>
      <line num="162" type="stmt" count="0"/>
      <line num="164" type="stmt" count="0"/>
      <line num="171" type="method" name="all" crap="12" count="0"/>
      <line num="172" type="stmt" count="0"/>
      <line num="174" type="stmt" count="0"/>
      <line num="176" type="stmt" count="0"/>
      <line num="177" type="stmt" count="0"/>
      <line num="178" type="stmt" count="0"/>
      <line num="179" type="stmt" count="0"/>
      <line num="181" type="stmt" count="0"/>
      <line num="188" type="method" name="filter" crap="12" count="0"/>
      <line num="189" type="stmt" count="0"/>
      <line num="191" type="stmt" count="0"/>
      <line num="193" type="stmt" count="0"/>
      <line num="194" type="stmt" count="0"/>
      <line num="195" type="stmt" count="0"/>
      <line num="196" type="stmt" count="0"/>
      <line num="197" type="stmt" count="0"/>
      <line num="202" type="method" name="reject" crap="12" count="0"/>
      <line num="203" type="stmt" count="0"/>
      <line num="205" type="stmt" count="0"/>
      <line num="207" type="stmt" count="0"/>
      <line num="208" type="stmt" count="0"/>
      <line num="209" type="stmt" count="0"/>
      <line num="210" type="stmt" count="0"/>
      <line num="211" type="stmt" count="0"/>
      <line num="218" type="method" name="find" crap="3.04" count="1"/>
      <line num="219" type="stmt" count="1"/>
      <line num="221" type="stmt" count="1"/>
      <line num="223" type="stmt" count="1"/>
      <line num="224" type="stmt" count="1"/>
      <line num="225" type="stmt" count="1"/>
      <line num="226" type="stmt" count="0"/>
      <line num="231" type="method" name="size" crap="2" count="0"/>
      <line num="232" type="stmt" count="0"/>
      <line num="234" type="stmt" count="0"/>
      <line num="236" type="stmt" count="0"/>
      <line num="243" type="method" name="first" crap="12" count="0"/>
      <line num="244" type="stmt" count="0"/>
      <line num="246" type="stmt" count="0"/>
      <line num="248" type="stmt" count="0"/>
      <line num="249" type="stmt" count="0"/>
      <line num="250" type="stmt" count="0"/>
      <line num="256" type="method" name="rest" crap="6" count="0"/>
      <line num="257" type="stmt" count="0"/>
      <line num="258" type="stmt" count="0"/>
      <line num="260" type="stmt" count="0"/>
      <line num="262" type="stmt" count="0"/>
      <line num="267" type="method" name="initial" crap="6" count="0"/>
      <line num="268" type="stmt" count="0"/>
      <line num="270" type="stmt" count="0"/>
      <line num="272" type="stmt" count="0"/>
      <line num="273" type="stmt" count="0"/>
      <line num="274" type="stmt" count="0"/>
      <line num="275" type="stmt" count="0"/>
      <line num="280" type="method" name="last" crap="20" count="0"/>
      <line num="281" type="stmt" count="0"/>
      <line num="282" type="stmt" count="0"/>
      <line num="284" type="stmt" count="0"/>
      <line num="285" type="stmt" count="0"/>
      <line num="287" type="stmt" count="0"/>
      <line num="288" type="stmt" count="0"/>
      <line num="291" type="stmt" count="0"/>
      <line num="296" type="method" name="compact" crap="2" count="0"/>
      <line num="297" type="stmt" count="0"/>
      <line num="299" type="stmt" count="0"/>
      <line num="301" type="stmt" count="0"/>
      <line num="303" type="stmt" count="0"/>
      <line num="304" type="stmt" count="0"/>
      <line num="309" type="method" name="flatten" crap="30" count="0"/>
      <line num="310" type="stmt" count="0"/>
      <line num="312" type="stmt" count="0"/>
      <line num="314" type="stmt" count="0"/>
      <line num="315" type="stmt" count="0"/>
      <line num="316" type="stmt" count="0"/>
      <line num="317" type="stmt" count="0"/>
      <line num="318" type="stmt" count="0"/>
      <line num="319" type="stmt" count="0"/>
      <line num="320" type="stmt" count="0"/>
      <line num="321" type="stmt" count="0"/>
      <line num="322" type="stmt" count="0"/>
      <line num="323" type="stmt" count="0"/>
      <line num="324" type="stmt" count="0"/>
      <line num="329" type="method" name="without" crap="42" count="0"/>
      <line num="330" type="stmt" count="0"/>
      <line num="331" type="stmt" count="0"/>
      <line num="332" type="stmt" count="0"/>
      <line num="334" type="stmt" count="0"/>
      <line num="335" type="stmt" count="0"/>
      <line num="336" type="stmt" count="0"/>
      <line num="338" type="stmt" count="0"/>
      <line num="339" type="stmt" count="0"/>
      <line num="340" type="stmt" count="0"/>
      <line num="341" type="stmt" count="0"/>
      <line num="342" type="stmt" count="0"/>
      <line num="343" type="stmt" count="0"/>
      <line num="344" type="stmt" count="0"/>
      <line num="345" type="stmt" count="0"/>
      <line num="346" type="stmt" count="0"/>
      <line num="347" type="stmt" count="0"/>
      <line num="348" type="stmt" count="0"/>
      <line num="355" type="method" name="uniq" crap="30" count="0"/>
      <line num="356" type="stmt" count="0"/>
      <line num="358" type="stmt" count="0"/>
      <line num="360" type="stmt" count="0"/>
      <line num="361" type="stmt" count="0"/>
      <line num="363" type="stmt" count="0"/>
      <line num="364" type="stmt" count="0"/>
      <line num="365" type="stmt" count="0"/>
      <line num="366" type="stmt" count="0"/>
      <line num="367" type="stmt" count="0"/>
      <line num="368" type="stmt" count="0"/>
      <line num="369" type="stmt" count="0"/>
      <line num="370" type="stmt" count="0"/>
      <line num="372" type="stmt" count="0"/>
      <line num="377" type="method" name="intersection" crap="20" count="0"/>
      <line num="378" type="stmt" count="0"/>
      <line num="380" type="stmt" count="0"/>
      <line num="382" type="stmt" count="0"/>
      <line num="383" type="stmt" count="0"/>
      <line num="384" type="stmt" count="0"/>
      <line num="385" type="stmt" count="0"/>
      <line num="387" type="stmt" count="0"/>
      <line num="388" type="stmt" count="0"/>
      <line num="390" type="stmt" count="0"/>
      <line num="395" type="method" name="union" crap="6" count="0"/>
      <line num="396" type="stmt" count="0"/>
      <line num="398" type="stmt" count="0"/>
      <line num="400" type="stmt" count="0"/>
      <line num="401" type="stmt" count="0"/>
      <line num="406" type="method" name="difference" crap="2" count="0"/>
      <line num="407" type="stmt" count="0"/>
      <line num="409" type="stmt" count="0"/>
      <line num="414" type="method" name="indexOf" crap="6" count="0"/>
      <line num="415" type="stmt" count="0"/>
      <line num="417" type="stmt" count="0"/>
      <line num="419" type="stmt" count="0"/>
      <line num="420" type="stmt" count="0"/>
      <line num="425" type="method" name="lastIndexOf" crap="2" count="0"/>
      <line num="426" type="stmt" count="0"/>
      <line num="428" type="stmt" count="0"/>
      <line num="430" type="stmt" count="0"/>
      <line num="431" type="stmt" count="0"/>
      <line num="432" type="stmt" count="0"/>
      <line num="437" type="method" name="range" crap="110" count="0"/>
      <line num="438" type="stmt" count="0"/>
      <line num="440" type="stmt" count="0"/>
      <line num="442" type="stmt" count="0"/>
      <line num="443" type="stmt" count="0"/>
      <line num="445" type="stmt" count="0"/>
      <line num="447" type="stmt" count="0"/>
      <line num="448" type="stmt" count="0"/>
      <line num="449" type="stmt" count="0"/>
      <line num="450" type="stmt" count="0"/>
      <line num="451" type="stmt" count="0"/>
      <line num="452" type="stmt" count="0"/>
      <line num="453" type="stmt" count="0"/>
      <line num="454" type="stmt" count="0"/>
      <line num="455" type="stmt" count="0"/>
      <line num="456" type="stmt" count="0"/>
      <line num="457" type="stmt" count="0"/>
      <line num="458" type="stmt" count="0"/>
      <line num="461" type="stmt" count="0"/>
      <line num="462" type="stmt" count="0"/>
      <line num="464" type="stmt" count="0"/>
      <line num="469" type="method" name="zip" crap="42" count="0"/>
      <line num="470" type="stmt" count="0"/>
      <line num="471" type="stmt" count="0"/>
      <line num="472" type="stmt" count="0"/>
      <line num="474" type="stmt" count="0"/>
      <line num="476" type="stmt" count="0"/>
      <line num="477" type="stmt" count="0"/>
      <line num="478" type="stmt" count="0"/>
      <line num="479" type="stmt" count="0"/>
      <line num="480" type="stmt" count="0"/>
      <line num="482" type="stmt" count="0"/>
      <line num="483" type="stmt" count="0"/>
      <line num="484" type="stmt" count="0"/>
      <line num="485" type="stmt" count="0"/>
      <line num="487" type="stmt" count="0"/>
      <line num="492" type="method" name="max" crap="12" count="0"/>
      <line num="493" type="stmt" count="0"/>
      <line num="495" type="stmt" count="0"/>
      <line num="497" type="stmt" count="0"/>
      <line num="498" type="stmt" count="0"/>
      <line num="499" type="stmt" count="0"/>
      <line num="500" type="stmt" count="0"/>
      <line num="501" type="stmt" count="0"/>
      <line num="502" type="stmt" count="0"/>
      <line num="503" type="stmt" count="0"/>
      <line num="504" type="stmt" count="0"/>
      <line num="509" type="method" name="min" crap="12" count="0"/>
      <line num="510" type="stmt" count="0"/>
      <line num="512" type="stmt" count="0"/>
      <line num="514" type="stmt" count="0"/>
      <line num="515" type="stmt" count="0"/>
      <line num="516" type="stmt" count="0"/>
      <line num="517" type="stmt" count="0"/>
      <line num="518" type="stmt" count="0"/>
      <line num="519" type="stmt" count="0"/>
      <line num="520" type="stmt" count="0"/>
      <line num="521" type="stmt" count="0"/>
      <line num="526" type="method" name="sortBy" crap="12" count="0"/>
      <line num="527" type="stmt" count="0"/>
      <line num="529" type="stmt" count="0"/>
      <line num="530" type="stmt" count="0"/>
      <line num="531" type="stmt" count="0"/>
      <line num="532" type="stmt" count="0"/>
      <line num="533" type="stmt" count="0"/>
      <line num="534" type="stmt" count="0"/>
      <line num="535" type="stmt" count="0"/>
      <line num="536" type="stmt" count="0"/>
      <line num="537" type="stmt" count="0"/>
      <line num="542" type="method" name="groupBy" crap="4" count="1"/>
      <line num="543" type="stmt" count="1"/>
      <line num="545" type="stmt" count="1"/>
      <line num="546" type="stmt" count="1"/>
      <line num="547" type="stmt" count="1"/>
      <line num="548" type="stmt" count="1"/>
      <line num="549" type="stmt" count="1"/>
      <line num="550" type="stmt" count="1"/>
      <line num="551" type="stmt" count="1"/>
      <line num="552" type="stmt" count="1"/>
      <line num="557" type="method" name="sortedIndex" crap="30" count="0"/>
      <line num="558" type="stmt" count="0"/>
      <line num="560" type="stmt" count="0"/>
      <line num="561" type="stmt" count="0"/>
      <line num="563" type="stmt" count="0"/>
      <line num="565" type="stmt" count="0"/>
      <line num="566" type="stmt" count="0"/>
      <line num="567" type="stmt" count="0"/>
      <line num="568" type="stmt" count="0"/>
      <line num="569" type="stmt" count="0"/>
      <line num="571" type="stmt" count="0"/>
      <line num="572" type="stmt" count="0"/>
      <line num="573" type="stmt" count="0"/>
      <line num="575" type="stmt" count="0"/>
      <line num="579" type="method" name="shuffle" crap="2" count="0"/>
      <line num="580" type="stmt" count="0"/>
      <line num="582" type="stmt" count="0"/>
      <line num="583" type="stmt" count="0"/>
      <line num="585" type="stmt" count="0"/>
      <line num="590" type="method" name="toArray" crap="2" count="0"/>
      <line num="591" type="stmt" count="0"/>
      <line num="596" type="method" name="keys" crap="12" count="0"/>
      <line num="597" type="stmt" count="0"/>
      <line num="599" type="stmt" count="0"/>
      <line num="601" type="stmt" count="0"/>
      <line num="606" type="method" name="values" crap="2" count="0"/>
      <line num="607" type="stmt" count="0"/>
      <line num="609" type="stmt" count="0"/>
      <line num="614" type="method" name="extend" crap="20" count="0"/>
      <line num="615" type="stmt" count="0"/>
      <line num="617" type="stmt" count="0"/>
      <line num="618" type="stmt" count="0"/>
      <line num="620" type="stmt" count="0"/>
      <line num="621" type="stmt" count="0"/>
      <line num="622" type="stmt" count="0"/>
      <line num="623" type="stmt" count="0"/>
      <line num="624" type="stmt" count="0"/>
      <line num="625" type="stmt" count="0"/>
      <line num="626" type="stmt" count="0"/>
      <line num="627" type="stmt" count="0"/>
      <line num="628" type="stmt" count="0"/>
      <line num="633" type="method" name="defaults" crap="20" count="0"/>
      <line num="634" type="stmt" count="0"/>
      <line num="635" type="stmt" count="0"/>
      <line num="637" type="stmt" count="0"/>
      <line num="638" type="stmt" count="0"/>
      <line num="640" type="stmt" count="0"/>
      <line num="641" type="stmt" count="0"/>
      <line num="642" type="stmt" count="0"/>
      <line num="643" type="stmt" count="0"/>
      <line num="644" type="stmt" count="0"/>
      <line num="645" type="stmt" count="0"/>
      <line num="646" type="stmt" count="0"/>
      <line num="647" type="stmt" count="0"/>
      <line num="648" type="stmt" count="0"/>
      <line num="655" type="method" name="functions" crap="2" count="0"/>
      <line num="656" type="stmt" count="0"/>
      <line num="658" type="stmt" count="0"/>
      <line num="663" type="method" name="clon" crap="210" count="0"/>
      <line num="664" type="stmt" count="0"/>
      <line num="666" type="stmt" count="0"/>
      <line num="667" type="stmt" count="0"/>
      <line num="668" type="stmt" count="0"/>
      <line num="669" type="stmt" count="0"/>
      <line num="672" type="stmt" count="0"/>
      <line num="673" type="stmt" count="0"/>
      <line num="674" type="stmt" count="0"/>
      <line num="675" type="stmt" count="0"/>
      <line num="676" type="stmt" count="0"/>
      <line num="679" type="stmt" count="0"/>
      <line num="680" type="stmt" count="0"/>
      <line num="681" type="stmt" count="0"/>
      <line num="682" type="stmt" count="0"/>
      <line num="683" type="stmt" count="0"/>
      <line num="684" type="stmt" count="0"/>
      <line num="689" type="method" name="tap" crap="2" count="0"/>
      <line num="690" type="stmt" count="0"/>
      <line num="692" type="stmt" count="0"/>
      <line num="693" type="stmt" count="0"/>
      <line num="698" type="method" name="has" crap="2" count="0"/>
      <line num="699" type="stmt" count="0"/>
      <line num="701" type="stmt" count="0"/>
      <line num="703" type="stmt" count="0"/>
      <line num="708" type="method" name="isEqual" crap="420" count="0"/>
      <line num="709" type="stmt" count="0"/>
      <line num="711" type="stmt" count="0"/>
      <line num="713" type="stmt" count="0"/>
      <line num="714" type="stmt" count="0"/>
      <line num="715" type="stmt" count="0"/>
      <line num="717" type="stmt" count="0"/>
      <line num="720" type="stmt" count="0"/>
      <line num="723" type="stmt" count="0"/>
      <line num="724" type="stmt" count="0"/>
      <line num="725" type="stmt" count="0"/>
      <line num="726" type="stmt" count="0"/>
      <line num="728" type="stmt" count="0"/>
      <line num="730" type="stmt" count="0"/>
      <line num="731" type="stmt" count="0"/>
      <line num="732" type="stmt" count="0"/>
      <line num="733" type="stmt" count="0"/>
      <line num="736" type="stmt" count="0"/>
      <line num="741" type="method" name="isEmpty" crap="12" count="0"/>
      <line num="742" type="stmt" count="0"/>
      <line num="744" type="stmt" count="0"/>
      <line num="749" type="method" name="isObject" crap="2" count="0"/>
      <line num="750" type="stmt" count="0"/>
      <line num="751" type="stmt" count="0"/>
      <line num="756" type="method" name="isArray" crap="2" count="0"/>
      <line num="757" type="stmt" count="0"/>
      <line num="758" type="stmt" count="0"/>
      <line num="763" type="method" name="isString" crap="2" count="0"/>
      <line num="764" type="stmt" count="0"/>
      <line num="765" type="stmt" count="0"/>
      <line num="770" type="method" name="isNumber" crap="20" count="0"/>
      <line num="771" type="stmt" count="0"/>
      <line num="772" type="stmt" count="0"/>
      <line num="777" type="method" name="isBoolean" crap="2" count="0"/>
      <line num="778" type="stmt" count="0"/>
      <line num="779" type="stmt" count="0"/>
      <line num="784" type="method" name="isFunction" crap="6" count="0"/>
      <line num="785" type="stmt" count="0"/>
      <line num="786" type="stmt" count="0"/>
      <line num="791" type="method" name="isDate" crap="6" count="0"/>
      <line num="792" type="stmt" count="0"/>
      <line num="793" type="stmt" count="0"/>
      <line num="798" type="method" name="isNaN" crap="2" count="0"/>
      <line num="799" type="stmt" count="0"/>
      <line num="800" type="stmt" count="0"/>
      <line num="805" type="method" name="identity" crap="6" count="0"/>
      <line num="806" type="stmt" count="0"/>
      <line num="808" type="stmt" count="0"/>
      <line num="811" type="stmt" count="0"/>
      <line num="812" type="stmt" count="0"/>
      <line num="818" type="method" name="uniqueId" crap="6" count="0"/>
      <line num="819" type="stmt" count="0"/>
      <line num="821" type="stmt" count="0"/>
      <line num="822" type="stmt" count="0"/>
      <line num="824" type="stmt" count="0"/>
      <line num="829" type="method" name="times" crap="12" count="0"/>
      <line num="830" type="stmt" count="0"/>
      <line num="831" type="stmt" count="0"/>
      <line num="833" type="stmt" count="0"/>
      <line num="834" type="stmt" count="0"/>
      <line num="840" type="method" name="mixin" crap="6" count="0"/>
      <line num="841" type="stmt" count="0"/>
      <line num="843" type="stmt" count="0"/>
      <line num="844" type="stmt" count="0"/>
      <line num="845" type="stmt" count="0"/>
      <line num="846" type="stmt" count="0"/>
      <line num="847" type="stmt" count="0"/>
      <line num="852" type="method" name="__callStatic" crap="2" count="0"/>
      <line num="853" type="stmt" count="0"/>
      <line num="854" type="stmt" count="0"/>
      <line num="858" type="method" name="__call" crap="2" count="0"/>
      <line num="859" type="stmt" count="0"/>
      <line num="860" type="stmt" count="0"/>
      <line num="861" type="stmt" count="0"/>
      <line num="881" type="method" name="templateSettings" crap="20" count="0"/>
      <line num="882" type="stmt" count="0"/>
      <line num="884" type="stmt" count="0"/>
      <line num="886" type="stmt" count="0"/>
      <line num="887" type="stmt" count="0"/>
      <line num="889" type="stmt" count="0"/>
      <line num="890" type="stmt" count="0"/>
      <line num="893" type="stmt" count="0"/>
      <line num="894" type="stmt" count="0"/>
      <line num="896" type="stmt" count="0"/>
      <line num="897" type="stmt" count="0"/>
      <line num="898" type="stmt" count="0"/>
      <line num="903" type="method" name="template" crap="132" count="0"/>
      <line num="904" type="stmt" count="0"/>
      <line num="906" type="stmt" count="0"/>
      <line num="909" type="stmt" count="0"/>
      <line num="912" type="stmt" count="0"/>
      <line num="913" type="stmt" count="0"/>
      <line num="914" type="stmt" count="0"/>
      <line num="915" type="stmt" count="0"/>
      <line num="916" type="stmt" count="0"/>
      <line num="917" type="stmt" count="0"/>
      <line num="918" type="stmt" count="0"/>
      <line num="919" type="stmt" count="0"/>
      <line num="920" type="stmt" count="0"/>
      <line num="921" type="stmt" count="0"/>
      <line num="922" type="stmt" count="0"/>
      <line num="923" type="stmt" count="0"/>
      <line num="924" type="stmt" count="0"/>
      <line num="925" type="stmt" count="0"/>
      <line num="926" type="stmt" count="0"/>
      <line num="927" type="stmt" count="0"/>
      <line num="928" type="stmt" count="0"/>
      <line num="929" type="stmt" count="0"/>
      <line num="930" type="stmt" count="0"/>
      <line num="931" type="stmt" count="0"/>
      <line num="932" type="stmt" count="0"/>
      <line num="933" type="stmt" count="0"/>
      <line num="934" type="stmt" count="0"/>
      <line num="935" type="stmt" count="0"/>
      <line num="938" type="stmt" count="0"/>
      <line num="940" type="stmt" count="0"/>
      <line num="941" type="stmt" count="0"/>
      <line num="942" type="stmt" count="0"/>
      <line num="945" type="stmt" count="0"/>
      <line num="949" type="method" name="escape" crap="2" count="0"/>
      <line num="950" type="stmt" count="0"/>
      <line num="952" type="stmt" count="0"/>
      <line num="958" type="method" name="memoize" crap="30" count="0"/>
      <line num="959" type="stmt" count="0"/>
      <line num="961" type="stmt" count="0"/>
      <line num="966" type="stmt" count="0"/>
      <line num="970" type="stmt" count="0"/>
      <line num="971" type="stmt" count="0"/>
      <line num="972" type="stmt" count="0"/>
      <line num="973" type="stmt" count="0"/>
      <line num="974" type="stmt" count="0"/>
      <line num="975" type="stmt" count="0"/>
      <line num="977" type="stmt" count="0"/>
      <line num="978" type="stmt" count="0"/>
      <line num="979" type="stmt" count="0"/>
      <line num="980" type="stmt" count="0"/>
      <line num="981" type="stmt" count="0"/>
      <line num="987" type="method" name="throttle" crap="30" count="0"/>
      <line num="988" type="stmt" count="0"/>
      <line num="990" type="stmt" count="0"/>
      <line num="995" type="stmt" count="0"/>
      <line num="996" type="stmt" count="0"/>
      <line num="998" type="stmt" count="0"/>
      <line num="1000" type="stmt" count="0"/>
      <line num="1001" type="stmt" count="0"/>
      <line num="1002" type="stmt" count="0"/>
      <line num="1003" type="stmt" count="0"/>
      <line num="1004" type="stmt" count="0"/>
      <line num="1005" type="stmt" count="0"/>
      <line num="1007" type="stmt" count="0"/>
      <line num="1013" type="method" name="once" crap="20" count="0"/>
      <line num="1014" type="stmt" count="0"/>
      <line num="1016" type="stmt" count="0"/>
      <line num="1021" type="stmt" count="0"/>
      <line num="1022" type="stmt" count="0"/>
      <line num="1023" type="stmt" count="0"/>
      <line num="1024" type="stmt" count="0"/>
      <line num="1026" type="stmt" count="0"/>
      <line num="1027" type="stmt" count="0"/>
      <line num="1032" type="method" name="wrap" crap="2" count="0"/>
      <line num="1033" type="stmt" count="0"/>
      <line num="1036" type="stmt" count="0"/>
      <line num="1037" type="stmt" count="0"/>
      <line num="1038" type="stmt" count="0"/>
      <line num="1043" type="method" name="compose" crap="6" count="0"/>
      <line num="1044" type="stmt" count="0"/>
      <line num="1047" type="stmt" count="0"/>
      <line num="1048" type="stmt" count="0"/>
      <line num="1049" type="stmt" count="0"/>
      <line num="1050" type="stmt" count="0"/>
      <line num="1051" type="stmt" count="0"/>
      <line num="1052" type="stmt" count="0"/>
      <line num="1058" type="method" name="after" crap="42" count="0"/>
      <line num="1059" type="stmt" count="0"/>
      <line num="1061" type="stmt" count="0"/>
      <line num="1062" type="stmt" count="0"/>
      <line num="1064" type="method" name="anonymous function" crap="12" count="0"/>
      <line num="1065" type="stmt" count="0"/>
      <line num="1066" type="stmt" count="0"/>
      <line num="1068" type="stmt" count="0"/>
      <line num="1069" type="stmt" count="0"/>
      <line num="1070" type="stmt" count="0"/>
      <line num="1076" type="method" name="getInstance" crap="6" count="0"/>
      <line num="1077" type="stmt" count="0"/>
      <line num="1078" type="stmt" count="0"/>
      <line num="1079" type="stmt" count="0"/>
      <line num="1080" type="stmt" count="0"/>
      <line num="1081" type="stmt" count="0"/>
      <line num="1088" type="method" name="_wrap" crap="20" count="0"/>
      <line num="1089" type="stmt" count="0"/>
      <line num="1090" type="stmt" count="0"/>
      <line num="1091" type="stmt" count="0"/>
      <line num="1093" type="stmt" count="0"/>
      <line num="1099" type="method" name="_wrapArgs" crap="6" count="2"/>
      <line num="1100" type="stmt" count="2"/>
      <line num="1102" type="stmt" count="2"/>
      <line num="1103" type="stmt" count="2"/>
      <line num="1104" type="stmt" count="2"/>
      <line num="1105" type="stmt" count="2"/>
      <line num="1106" type="stmt" count="2"/>
      <line num="1107" type="stmt" count="2"/>
      <line num="1108" type="stmt" count="2"/>
      <line num="1109" type="stmt" count="2"/>
      <line num="1110" type="stmt" count="2"/>
      <line num="1112" type="stmt" count="2"/>
      <line num="1117" type="method" name="_collection" crap="3" count="1"/>
      <line num="1118" type="stmt" count="1"/>
      <metrics loc="1120" ncloc="897" classes="1" methods="75" coveredmethods="3" conditionals="0" coveredconditionals="0" statements="509" coveredstatements="29" elements="584" coveredelements="32"/>
    </file>
    <metrics files="12" loc="2104" ncloc="1607" classes="11" methods="142" coveredmethods="65" conditionals="0" coveredconditionals="0" statements="710" coveredstatements="224" elements="852" coveredelements="289"/>
  </project>
</coverage>
